<?xml version="1.0" encoding="UTF-8"?>
<!-- Generated by org.testng.reporters.JUnitXMLReporter -->
<testsuite hostname="P4ALAP-7172XY6" ignored="0" name="Default test" tests="3" failures="0" timestamp="2021-08-02T13:54:03 IST" time="142.044" errors="0">
  <testcase name="runScenario" time="50.977" classname="io.cucumber.testng.AbstractTestNGCucumberTests"/>
  <testcase name="runScenario" time="28.407" classname="io.cucumber.testng.AbstractTestNGCucumberTests"/>
  <testcase name="runScenario" time="61.547" classname="io.cucumber.testng.AbstractTestNGCucumberTests"/>
</testsuite> <!-- Default test -->
