<?xml version="1.0" encoding="UTF-8"?>
<testng-results skipped="0" failed="0" ignored="0" total="3" passed="3">
  <reporter-output>
  </reporter-output>
  <suite name="Default suite" duration-ms="112528" started-at="2021-10-25T15:17:37 IST" finished-at="2021-10-25T15:19:29 IST">
    <groups>
      <group name="cucumber">
        <method signature="AbstractTestNGCucumberTests.runScenario(io.cucumber.testng.PickleWrapper,io.cucumber.testng.FeatureWrapper)[pri:0, instance:CucumberwithTestNGRunner.TestngRunner@7276c8cd]" name="runScenario" class="io.cucumber.testng.AbstractTestNGCucumberTests"/>
      </group> <!-- cucumber -->
    </groups>
    <test name="Default test" duration-ms="112528" started-at="2021-10-25T15:17:37 IST" finished-at="2021-10-25T15:19:29 IST">
      <class name="CucumberwithTestNGRunner.TestngRunner">
        <test-method status="PASS" signature="setUpClass()[pri:0, instance:CucumberwithTestNGRunner.TestngRunner@7276c8cd]" name="setUpClass" is-config="true" duration-ms="606" started-at="2021-10-25T15:17:37 IST" finished-at="2021-10-25T15:17:37 IST">
          <reporter-output>
          </reporter-output>
        </test-method> <!-- setUpClass -->
        <test-method status="PASS" signature="runScenario(io.cucumber.testng.PickleWrapper,io.cucumber.testng.FeatureWrapper)[pri:0, instance:CucumberwithTestNGRunner.TestngRunner@7276c8cd]" name="runScenario" duration-ms="45105" started-at="2021-10-25T15:17:37 IST" description="Runs Cucumber Scenarios" data-provider="scenarios" finished-at="2021-10-25T15:18:23 IST">
          <params>
            <param index="0">
              <value>
                <![CDATA["Title verfication of blog"]]>
              </value>
            </param>
            <param index="1">
              <value>
                <![CDATA["Optional[Verifying the blog link]"]]>
              </value>
            </param>
          </params>
          <reporter-output>
          </reporter-output>
        </test-method> <!-- runScenario -->
        <test-method status="PASS" signature="runScenario(io.cucumber.testng.PickleWrapper,io.cucumber.testng.FeatureWrapper)[pri:0, instance:CucumberwithTestNGRunner.TestngRunner@7276c8cd]" name="runScenario" duration-ms="32347" started-at="2021-10-25T15:18:23 IST" description="Runs Cucumber Scenarios" data-provider="scenarios" finished-at="2021-10-25T15:18:55 IST">
          <params>
            <param index="0">
              <value>
                <![CDATA["Verfication of two links"]]>
              </value>
            </param>
            <param index="1">
              <value>
                <![CDATA["Optional[Verifying the blog link]"]]>
              </value>
            </param>
          </params>
          <reporter-output>
          </reporter-output>
        </test-method> <!-- runScenario -->
        <test-method status="PASS" signature="runScenario(io.cucumber.testng.PickleWrapper,io.cucumber.testng.FeatureWrapper)[pri:0, instance:CucumberwithTestNGRunner.TestngRunner@7276c8cd]" name="runScenario" duration-ms="34383" started-at="2021-10-25T15:18:55 IST" description="Runs Cucumber Scenarios" data-provider="scenarios" finished-at="2021-10-25T15:19:29 IST">
          <params>
            <param index="0">
              <value>
                <![CDATA["Verfication of two links"]]>
              </value>
            </param>
            <param index="1">
              <value>
                <![CDATA["Optional[Verifying the blog link]"]]>
              </value>
            </param>
          </params>
          <reporter-output>
          </reporter-output>
        </test-method> <!-- runScenario -->
        <test-method status="PASS" signature="tearDownClass()[pri:0, instance:CucumberwithTestNGRunner.TestngRunner@7276c8cd]" name="tearDownClass" is-config="true" duration-ms="12" started-at="2021-10-25T15:19:29 IST" finished-at="2021-10-25T15:19:29 IST">
          <reporter-output>
          </reporter-output>
        </test-method> <!-- tearDownClass -->
      </class> <!-- CucumberwithTestNGRunner.TestngRunner -->
    </test> <!-- Default test -->
  </suite> <!-- Default suite -->
</testng-results>
